<?xml version="1.0" encoding="UTF-8"?>
<!-- Generated by org.testng.reporters.JUnitReportReporter -->
<testsuite hostname="MUM-LAP-700250" failures="0" tests="1" name="dcf.script.stepdef.CA01_Testng" time="357.709" errors="0" timestamp="2021-06-24T09:29:17 BST" skipped="0">
  <testcase classname="dcf.script.stepdef.CA01_Testng" name="loginandroles" time="357.709"/>
  <system-out/>
</testsuite> <!-- dcf.script.stepdef.CA01_Testng -->
