<?xml version="1.0" encoding="UTF-8"?>
<!-- Generated by org.testng.reporters.JUnitReportReporter -->
<testsuite hostname="MUM-LAP-700250" failures="0" tests="1" name="dcf.script.stepdef.CA01_Testng" time="94.907" errors="0" timestamp="2021-06-28T11:13:33 BST" skipped="0">
  <testcase classname="dcf.script.stepdef.CA01_Testng" name="loginandroles" time="94.907"/>
  <system-out/>
</testsuite> <!-- dcf.script.stepdef.CA01_Testng -->
