<?xml version="1.0" encoding="UTF-8"?>
<!-- Generated by org.testng.reporters.JUnitReportReporter -->
<testsuite hostname="MUM-LAP-700250" failures="0" tests="1" name="dcf.script.stepdef.Investigation" time="97.214" errors="0" timestamp="2021-06-29T09:25:26 BST" skipped="0">
  <testcase classname="dcf.script.stepdef.Investigation" name="ClickOnInvestigation" time="97.214"/>
  <system-out/>
</testsuite> <!-- dcf.script.stepdef.Investigation -->
